2019-06-10 14:24:38 TRACE root:10 - Start of program.


2019-06-10 21:59:41 TRACE root:10 - Start of program.


2019-06-10 22:37:15 TRACE root:10 - Start of program.


2019-06-10 22:37:34 TRACE root:10 - Start of program.


2019-06-10 22:48:49 TRACE root:10 - Start of program.


2019-06-10 22:49:31 TRACE root:10 - Start of program.


2019-06-10 23:13:14 TRACE root:10 - Start of program.


2019-06-10 23:13:58 TRACE root:10 - Start of program.


2019-06-10 23:17:21 TRACE root:10 - Start of program.


2019-06-10 23:21:37 TRACE root:10 - Start of program.


2019-06-10 23:30:59 TRACE root:10 - Start of program.


2019-06-10 23:34:30 TRACE root:10 - Start of program.


2019-06-10 23:37:08 TRACE root:10 - Start of program.


2019-06-10 23:41:47 TRACE root:10 - Start of program.


2019-06-10 23:55:27 TRACE root:10 - Start of program.


2019-06-10 23:59:01 TRACE root:10 - Start of program.


2019-06-11 00:05:51 TRACE root:10 - Start of program.


2019-06-11 00:06:29 TRACE root:10 - Start of program.


2019-06-11 09:08:35 TRACE root:10 - Start of program.


2019-06-11 09:09:22 TRACE root:10 - Start of program.


2019-06-11 09:10:30 TRACE root:10 - Start of program.


2019-06-11 09:12:20 TRACE root:10 - Start of program.


2019-06-11 09:12:51 TRACE root:10 - Start of program.


2019-06-11 09:13:01 TRACE root:10 - Start of program.


2019-06-11 09:13:57 TRACE root:10 - Start of program.


2019-06-11 09:14:39 TRACE root:10 - Start of program.


2019-06-11 09:15:03 TRACE root:10 - Start of program.


2019-06-11 09:15:55 TRACE root:10 - Start of program.


2019-06-11 09:23:55 TRACE root:10 - Start of program.


2019-06-11 09:26:18 TRACE root:10 - Start of program.


2019-06-11 09:27:39 TRACE root:10 - Start of program.


2019-06-11 09:28:26 TRACE root:10 - Start of program.


2019-06-11 09:44:38 TRACE root:10 - Start of program.


2019-06-11 09:46:54 TRACE root:10 - Start of program.


2019-06-11 09:47:56 TRACE root:10 - Start of program.


2019-06-11 09:56:46 TRACE root:10 - Start of program.


2019-06-11 09:59:47 TRACE root:10 - Start of program.


2019-06-11 10:04:42 TRACE root:10 - Start of program.


2019-06-11 10:11:19 TRACE root:10 - Start of program.


2019-06-11 10:16:29 TRACE root:10 - Start of program.


2019-06-11 11:00:34 TRACE root:10 - Start of program.


2019-06-11 11:04:00 TRACE root:10 - Start of program.


2019-06-11 11:05:36 TRACE root:10 - Start of program.


2019-06-11 11:06:38 TRACE root:10 - Start of program.


2019-06-11 11:07:42 TRACE root:10 - Start of program.


2019-06-11 11:07:58 TRACE root:10 - Start of program.


2019-06-11 11:09:06 TRACE root:10 - Start of program.


2019-06-11 11:09:20 TRACE root:10 - Start of program.


2019-06-11 11:14:19 TRACE root:10 - Start of program.


2019-06-11 11:17:16 TRACE root:10 - Start of program.


2019-06-11 11:18:08 TRACE root:10 - Start of program.


2019-06-11 11:18:49 TRACE root:10 - Start of program.


2019-06-11 11:23:48 TRACE root:10 - Start of program.


2019-06-11 11:25:43 TRACE root:10 - Start of program.


2019-06-11 11:27:37 TRACE root:10 - Start of program.


2019-06-13 17:16:25 TRACE root:10 - Start of program.


2019-06-15 19:07:16 TRACE root:10 - Start of program.


2019-06-15 19:08:39 TRACE root:10 - Start of program.


2019-06-15 19:10:38 TRACE root:10 - Start of program.


2019-06-15 19:11:43 TRACE root:10 - Start of program.


2019-06-15 19:13:04 TRACE root:10 - Start of program.


2019-06-15 19:45:23 TRACE root:10 - Start of program.


2019-06-15 19:56:43 TRACE root:10 - Start of program.


2019-06-16 13:39:33 TRACE root:10 - Start of program.


2019-06-16 13:45:28 TRACE root:10 - Start of program.


2019-06-16 13:47:17 TRACE root:10 - Start of program.


2019-06-16 13:47:32 TRACE root:10 - Start of program.


2019-06-16 13:50:37 TRACE root:10 - Start of program.


2019-06-16 13:51:17 TRACE root:10 - Start of program.


2019-06-16 13:52:23 TRACE root:10 - Start of program.


2019-06-16 13:52:42 TRACE root:10 - Start of program.


2019-06-16 14:02:44 TRACE root:10 - Start of program.


2019-06-16 14:03:57 TRACE root:10 - Start of program.


2019-06-16 14:07:16 TRACE root:10 - Start of program.


2019-06-16 14:07:29 TRACE root:10 - Start of program.


2019-06-16 14:07:37 TRACE root:10 - Start of program.


2019-06-16 14:08:02 TRACE root:10 - Start of program.


2019-06-16 14:08:21 TRACE root:10 - Start of program.


2019-06-16 14:10:02 TRACE root:10 - Start of program.


2019-06-16 14:13:23 TRACE root:10 - Start of program.


2019-06-16 14:14:06 TRACE root:10 - Start of program.


2019-06-16 14:15:00 TRACE root:10 - Start of program.


2019-06-16 14:15:26 TRACE root:10 - Start of program.


2019-06-16 14:16:24 TRACE root:10 - Start of program.


2019-06-16 14:33:15 TRACE root:10 - Start of program.


2019-06-16 14:34:31 TRACE root:10 - Start of program.


2019-06-16 14:51:29 TRACE root:10 - Start of program.


2019-06-16 14:54:21 TRACE root:10 - Start of program.


2019-06-16 15:01:56 TRACE root:10 - Start of program.


2019-06-16 16:34:11 TRACE root:10 - Start of program.


2019-06-16 16:37:45 TRACE root:10 - Start of program.


2019-06-16 17:55:54 TRACE root:10 - Start of program.


2019-06-16 17:56:29 TRACE root:10 - Start of program.


2019-06-16 18:08:11 TRACE root:10 - Start of program.


2019-06-16 18:08:59 TRACE root:10 - Start of program.


2019-06-16 18:10:45 TRACE root:10 - Start of program.


2019-06-16 18:13:06 TRACE root:10 - Start of program.


2019-06-16 21:46:18 TRACE root:10 - Start of program.


2019-06-16 21:47:42 TRACE root:10 - Start of program.


2019-06-16 21:52:16 TRACE root:10 - Start of program.


2019-06-17 19:46:23 TRACE root:10 - Start of program.


2019-06-17 19:46:44 TRACE root:10 - Start of program.


2019-06-17 20:45:32 TRACE root:10 - Start of program.


2019-06-17 20:46:12 TRACE root:10 - Start of program.


2019-06-17 20:48:07 TRACE root:10 - Start of program.


2019-06-17 21:05:36 TRACE root:10 - Start of program.


2019-06-17 21:06:15 TRACE root:10 - Start of program.


2019-06-17 21:12:25 TRACE root:10 - Start of program.


2019-06-17 21:14:00 TRACE root:10 - Start of program.


2019-06-17 21:15:20 TRACE root:10 - Start of program.


2019-06-17 21:17:07 TRACE root:10 - Start of program.


2019-06-17 21:17:56 TRACE root:10 - Start of program.


2019-06-17 21:18:34 TRACE root:10 - Start of program.


2019-06-17 21:44:08 TRACE root:10 - Start of program.


2019-06-18 00:22:40 TRACE root:10 - Start of program.


2019-06-18 00:28:30 TRACE root:10 - Start of program.


2019-06-18 00:30:30 TRACE root:10 - Start of program.


2019-06-18 00:32:33 TRACE root:10 - Start of program.


2019-06-18 00:39:31 TRACE root:10 - Start of program.


2019-06-18 00:41:14 TRACE root:10 - Start of program.


2019-06-18 00:56:21 TRACE root:10 - Start of program.


2019-06-18 00:56:56 TRACE root:10 - Start of program.


2019-06-18 00:58:03 TRACE root:10 - Start of program.


2019-06-18 00:58:30 TRACE root:10 - Start of program.


2019-06-18 01:00:05 TRACE root:10 - Start of program.


2019-06-18 01:02:47 TRACE root:10 - Start of program.


2019-06-18 01:34:34 TRACE root:10 - Start of program.


2019-06-18 01:42:13 TRACE root:10 - Start of program.


2019-06-18 01:47:28 TRACE root:10 - Start of program.


2019-06-18 01:49:37 TRACE root:10 - Start of program.


2019-06-18 01:54:37 TRACE root:10 - Start of program.


2019-06-18 11:55:15 INFO  root:18 - SQL exception in addEmployee method.
2019-06-18 12:05:11 INFO  root:18 - SQL exception in addEmployee method.
2019-06-18 12:06:25 INFO  root:18 - SQL exception in addEmployee method.
2019-06-18 12:08:25 INFO  root:18 - SQL exception in addEmployee method.
2019-06-18 12:09:22 INFO  root:18 - SQL exception in addEmployee method.
2019-06-18 12:26:54 INFO  root:18 - SQL exception in addEmployee method.
2019-06-18 12:32:02 INFO  root:18 - SQL exception in addEmployee method.
2019-06-18 12:33:20 INFO  root:18 - SQL exception in addEmployee method.
2019-06-18 12:34:01 INFO  root:18 - SQL exception in addEmployee method.
2019-06-18 12:34:51 INFO  root:18 - SQL exception in addEmployee method.
2019-06-18 12:35:12 INFO  root:18 - SQL exception in addEmployee method.
2019-06-18 12:36:47 INFO  root:18 - SQL exception in addEmployee method.
2019-06-18 12:38:58 INFO  root:18 - SQL exception in addEmployee method.
2019-06-18 12:40:57 INFO  root:18 - SQL exception in addEmployee method.
2019-06-18 12:41:50 INFO  root:18 - SQL exception in addEmployee method.
2019-06-18 12:43:15 INFO  root:18 - SQL exception in addEmployee method.
2019-06-18 12:43:57 INFO  root:18 - SQL exception in addEmployee method.
2019-06-18 12:44:17 INFO  root:18 - SQL exception in addEmployee method.
2019-06-18 12:54:58 INFO  root:18 - SQL exception in addEmployee method.
2019-06-18 12:56:57 INFO  root:18 - SQL exception in addEmployee method.
2019-06-18 12:59:04 INFO  root:18 - SQL exception in addEmployee method.
2019-06-18 13:02:47 INFO  root:18 - SQL exception in addEmployee method.
2019-06-18 13:03:17 INFO  root:18 - SQL exception in addEmployee method.
2019-06-18 13:23:59 INFO  root:18 - SQL exception in addEmployee method.
2019-06-18 13:30:16 INFO  root:18 - SQL exception in addEmployee method.
2019-06-18 13:31:18 INFO  root:18 - SQL exception in addEmployee method.
2019-06-18 13:34:44 INFO  root:18 - SQL exception in addEmployee method.
2019-06-18 13:35:20 INFO  root:18 - SQL exception in addEmployee method.
2019-06-18 13:36:15 INFO  root:18 - SQL exception in addEmployee method.
2019-06-18 13:36:44 INFO  root:18 - SQL exception in addEmployee method.
2019-06-18 13:39:04 INFO  root:18 - SQL exception in addEmployee method.
2019-06-18 13:40:23 INFO  root:18 - SQL exception in addEmployee method.
2019-06-18 13:43:50 INFO  root:18 - SQL exception in addEmployee method.
2019-06-18 13:45:47 INFO  root:18 - SQL exception in addEmployee method.
2019-06-18 13:46:34 INFO  root:18 - SQL exception in addEmployee method.
2019-06-18 14:19:21 INFO  root:18 - SQL exception in addEmployee method.
2019-06-18 14:22:56 INFO  root:18 - SQL exception in addClient method.
2019-06-18 15:13:33 WARN  root:22 - The username or password is not valid.

2019-06-18 15:16:41 WARN  root:22 - The username or password is not valid.

2019-06-18 15:17:40 WARN  root:22 - The username or password is not valid.

2019-06-18 15:19:37 WARN  root:22 - The username or password is not valid.

2019-06-18 15:22:52 WARN  root:22 - The username or password is not valid.

2019-06-18 15:28:57 WARN  root:22 - The username or password is not valid.

2019-06-18 15:30:47 WARN  root:22 - The username or password is not valid.

2019-06-18 15:33:20 WARN  root:22 - The username or password is not valid.

2019-06-18 15:36:48 WARN  root:22 - The username or password is not valid.

2019-06-18 16:57:27 ERROR root:26 - ERROR: relation "employee" does not exist
  Position: 15
2019-06-18 16:57:27 ERROR root:26 - ERROR: relation "payments" does not exist
  Position: 8
2019-06-18 22:21:36 INFO  root:18 - SQL exception in makeOffer method.
2019-06-19 00:33:24 INFO  root:18 - SQL exception in viewAllPayments method.
2019-06-19 00:51:10 INFO  root:18 - SQL exception in makeOffer method.
2019-06-19 00:52:33 INFO  root:18 - SQL exception in viewOwnedCars method.
2019-06-19 01:00:55 INFO  root:18 - SQL exception in viewOwnedCars method.
2019-06-19 01:03:48 INFO  root:18 - SQL exception in viewOwnedCars method.
2019-06-19 01:08:53 INFO  root:18 - SQL exception in viewOwnedCars method.
2019-06-19 02:19:28 INFO  root:18 - SQL exception in addEmployee method.
2019-06-19 02:32:44 INFO  root:18 - SQL exception in viewOwnedCars method.
